<?xml version="1.0" encoding="UTF-8"?>
<!-- Generated by org.testng.reporters.JUnitReportReporter -->
<testsuite hostname="DESKTOP-KKKOATN" failures="0" tests="1" name="demoIrctc.LoginTest" time="40.528" errors="0" timestamp="2022-05-17T14:38:00 IST" skipped="0">
  <testcase classname="demoIrctc.LoginTest" name="login" time="40.528"/>
  <system-out/>
</testsuite> <!-- demoIrctc.LoginTest -->
