<?xml version="1.0" encoding="UTF-8"?>
<!-- Generated by org.testng.reporters.JUnitReportReporter -->
<testsuite hostname="DESKTOP-KKKOATN" failures="0" tests="1" name="demoIrctc.oneTest" time="0.006" errors="0" timestamp="2022-05-17T14:37:59 IST" skipped="0">
  <testcase classname="demoIrctc.oneTest" name="onetest" time="0.006"/>
  <system-out/>
</testsuite> <!-- demoIrctc.oneTest -->
