<?xml version="1.0" encoding="UTF-8"?>
<!-- Generated by org.testng.reporters.JUnitReportReporter -->
<testsuite hostname="DESKTOP-KKKOATN" failures="0" tests="1" name="demoIrctc.LoginTest" time="33.464" errors="0" timestamp="2022-05-17T20:54:41 IST" skipped="0">
  <testcase classname="demoIrctc.LoginTest" name="login" time="33.464"/>
  <system-out/>
</testsuite> <!-- demoIrctc.LoginTest -->
