<?xml version="1.0" encoding="UTF-8"?>
<!-- Generated by org.testng.reporters.JUnitReportReporter -->
<testsuite hostname="DESKTOP-KKKOATN" failures="0" tests="1" name="demoIrctc.twoTest" time="0.017" errors="0" timestamp="2022-05-17T20:54:41 IST" skipped="0">
  <testcase classname="demoIrctc.twoTest" name="testTwo" time="0.017"/>
  <system-out/>
</testsuite> <!-- demoIrctc.twoTest -->
