<?xml version="1.0" encoding="UTF-8"?>
<!-- Generated by org.testng.reporters.JUnitReportReporter -->
<testsuite hostname="DESKTOP-KKKOATN" failures="0" tests="1" name="demoIrctc.threeTest" time="0.002" errors="0" timestamp="2022-05-17T20:54:41 IST" skipped="0">
  <testcase classname="demoIrctc.threeTest" name="TestThree" time="0.002"/>
  <system-out/>
</testsuite> <!-- demoIrctc.threeTest -->
